[0m04:46:54.613134 [debug] [MainThread]: Sending event: {'category': 'dbt', 'action': 'invocation', 'label': 'start', 'context': [<snowplow_tracker.self_describing_json.SelfDescribingJson object at 0x0000020F384D98D0>, <snowplow_tracker.self_describing_json.SelfDescribingJson object at 0x0000020F38503290>, <snowplow_tracker.self_describing_json.SelfDescribingJson object at 0x0000020F38501110>]}


============================== 04:46:54.618145 | 8d80f30f-8816-427e-9d80-c1e64b5723aa ==============================
[0m04:46:54.618145 [info ] [MainThread]: Running with dbt=1.7.13
[0m04:46:54.619152 [debug] [MainThread]: running dbt with arguments {'printer_width': '80', 'indirect_selection': 'eager', 'write_json': 'True', 'log_cache_events': 'False', 'partial_parse': 'True', 'cache_selected_only': 'False', 'warn_error': 'None', 'version_check': 'True', 'profiles_dir': 'dbt', 'log_path': 'logs', 'debug': 'False', 'fail_fast': 'False', 'use_colors': 'True', 'use_experimental_parser': 'False', 'no_print': 'None', 'quiet': 'False', 'log_format': 'default', 'invocation_command': 'dbt debug --profiles-dir dbt', 'warn_error_options': 'WarnErrorOptions(include=[], exclude=[])', 'static_parser': 'True', 'target_path': 'None', 'introspect': 'True', 'send_anonymous_usage_stats': 'True'}
[0m04:46:54.620753 [info ] [MainThread]: dbt version: 1.7.13
[0m04:46:54.620753 [info ] [MainThread]: python version: 3.11.9
[0m04:46:54.621879 [info ] [MainThread]: python path: C:\Users\jilow\OneDrive\Documents\Shipping-a-Data-Product\.venv\Scripts\python.exe
[0m04:46:54.621879 [info ] [MainThread]: os info: Windows-10-10.0.26100-SP0
[0m04:46:54.687821 [info ] [MainThread]: Using profiles dir at dbt
[0m04:46:54.688813 [info ] [MainThread]: Using profiles.yml file at dbt\profiles.yml
[0m04:46:54.688813 [info ] [MainThread]: Using dbt_project.yml file at C:\Users\jilow\OneDrive\Documents\Shipping-a-Data-Product\dbt_project.yml
[0m04:46:54.690833 [info ] [MainThread]: adapter type: postgres
[0m04:46:54.691825 [info ] [MainThread]: adapter version: 1.7.13
[0m04:46:54.692207 [info ] [MainThread]: Configuration:
[0m04:46:54.692207 [info ] [MainThread]:   profiles.yml file [[32mOK found and valid[0m]
[0m04:46:54.693224 [info ] [MainThread]:   dbt_project.yml file [[31mERROR not found[0m]
[0m04:46:54.693224 [info ] [MainThread]: Required dependencies:
[0m04:46:54.694237 [debug] [MainThread]: Executing "git --help"
[0m04:46:54.737321 [debug] [MainThread]: STDOUT: "b"usage: git [-v | --version] [-h | --help] [-C <path>] [-c <name>=<value>]\n           [--exec-path[=<path>]] [--html-path] [--man-path] [--info-path]\n           [-p | --paginate | -P | --no-pager] [--no-replace-objects] [--bare]\n           [--git-dir=<path>] [--work-tree=<path>] [--namespace=<name>]\n           [--config-env=<name>=<envvar>] <command> [<args>]\n\nThese are common Git commands used in various situations:\n\nstart a working area (see also: git help tutorial)\n   clone     Clone a repository into a new directory\n   init      Create an empty Git repository or reinitialize an existing one\n\nwork on the current change (see also: git help everyday)\n   add       Add file contents to the index\n   mv        Move or rename a file, a directory, or a symlink\n   restore   Restore working tree files\n   rm        Remove files from the working tree and from the index\n\nexamine the history and state (see also: git help revisions)\n   bisect    Use binary search to find the commit that introduced a bug\n   diff      Show changes between commits, commit and working tree, etc\n   grep      Print lines matching a pattern\n   log       Show commit logs\n   show      Show various types of objects\n   status    Show the working tree status\n\ngrow, mark and tweak your common history\n   branch    List, create, or delete branches\n   commit    Record changes to the repository\n   merge     Join two or more development histories together\n   rebase    Reapply commits on top of another base tip\n   reset     Reset current HEAD to the specified state\n   switch    Switch branches\n   tag       Create, list, delete or verify a tag object signed with GPG\n\ncollaborate (see also: git help workflows)\n   fetch     Download objects and refs from another repository\n   pull      Fetch from and integrate with another repository or a local branch\n   push      Update remote refs along with associated objects\n\n'git help -a' and 'git help -g' list available subcommands and some\nconcept guides. See 'git help <command>' or 'git help <concept>'\nto read about a specific subcommand or concept.\nSee 'git help git' for an overview of the system.\n""
[0m04:46:54.737321 [debug] [MainThread]: STDERR: "b''"
[0m04:46:54.738339 [info ] [MainThread]:  - git [[32mOK found[0m]

[0m04:46:54.738339 [info ] [MainThread]: Connection:
[0m04:46:54.739338 [info ] [MainThread]:   host: localhost
[0m04:46:54.739338 [info ] [MainThread]:   port: 5432
[0m04:46:54.740316 [info ] [MainThread]:   user: postgres
[0m04:46:54.740316 [info ] [MainThread]:   database: telegram_dw
[0m04:46:54.741318 [info ] [MainThread]:   schema: analytics
[0m04:46:54.741318 [info ] [MainThread]:   connect_timeout: 10
[0m04:46:54.742321 [info ] [MainThread]:   role: None
[0m04:46:54.742321 [info ] [MainThread]:   search_path: None
[0m04:46:54.743403 [info ] [MainThread]:   keepalives_idle: 0
[0m04:46:54.743403 [info ] [MainThread]:   sslmode: None
[0m04:46:54.744393 [info ] [MainThread]:   sslcert: None
[0m04:46:54.744393 [info ] [MainThread]:   sslkey: None
[0m04:46:54.744393 [info ] [MainThread]:   sslrootcert: None
[0m04:46:54.745903 [info ] [MainThread]:   application_name: dbt
[0m04:46:54.745903 [info ] [MainThread]:   retries: 1
[0m04:46:54.745903 [info ] [MainThread]: Registered adapter: postgres=1.7.13
[0m04:46:54.746912 [debug] [MainThread]: Acquiring new postgres connection 'debug'
[0m04:46:54.747920 [debug] [MainThread]: Using postgres connection "debug"
[0m04:46:54.747920 [debug] [MainThread]: On debug: select 1 as id
[0m04:46:54.748912 [debug] [MainThread]: Opening a new connection, currently in state init
[0m04:46:54.830463 [debug] [MainThread]: SQL status: SELECT 1 in 0.0 seconds
[0m04:46:54.831461 [debug] [MainThread]: On debug: Close
[0m04:46:54.831461 [info ] [MainThread]:   Connection test: [[32mOK connection ok[0m]

[0m04:46:54.832897 [info ] [MainThread]: [31m1 check failed:[0m
[0m04:46:54.833328 [info ] [MainThread]: Project loading failed for the following reason:
 project path <C:\Users\jilow\OneDrive\Documents\Shipping-a-Data-Product\dbt_project.yml> not found

[0m04:46:54.835451 [debug] [MainThread]: Command `dbt debug` failed at 04:46:54.835451 after 0.29 seconds
[0m04:46:54.836449 [debug] [MainThread]: Connection 'debug' was properly closed.
[0m04:46:54.837455 [debug] [MainThread]: Sending event: {'category': 'dbt', 'action': 'invocation', 'label': 'end', 'context': [<snowplow_tracker.self_describing_json.SelfDescribingJson object at 0x0000020F307AA150>, <snowplow_tracker.self_describing_json.SelfDescribingJson object at 0x0000020F386556D0>, <snowplow_tracker.self_describing_json.SelfDescribingJson object at 0x0000020F38657650>]}
[0m04:46:54.837455 [debug] [MainThread]: Flushing usage events
